<?xml version="1.0" encoding="UTF-8" ?>
<testsuites>
  <testsuite errors="0" failures="0" hostname="msasaki1pc" id="0" name="BarTest" package="com.example" skipped="0" tests="2" time="0.069" timestamp="2018-04-19T06:46:08">
    <properties>
[...]
</properties>

    <testcase classname="com.example.BarTest" name="testGreeting_Joe" time="0.007"/>

    <testcase classname="com.example.BarTest" name="testGreeting_Mike" time="0.002"/>

    <system-out><![CDATA[]]></system-out>

    <system-err><![CDATA[4 19, 2018 3:46:08 午後 com.example.BarTest testGreeting_Joe
情報: Test:com.example.BarTest@7dc5e7b4, target:com.example.Singleton@1ee0005
4 19, 2018 3:46:08 午後 com.example.BarTest testGreeting_Mike
情報: Test:com.example.BarTest@1eb44e46, target:com.example.Singleton@1ee0005
4 19, 2018 3:46:08 午後 com.example.BarTest testGreeting_Mike
情報: Test:com.example.BarTest@1eb44e46, target:com.example.Singleton@1ee0005
]]></system-err>

  </testsuite>
  <testsuite errors="0" failures="0" hostname="msasaki1pc" id="1" name="FooTest" package="com.example" skipped="0" tests="1" time="0.065" timestamp="2018-04-19T06:46:08">
    <properties>
[...]
</properties>

    <testcase classname="com.example.FooTest" name="testGreeting" time="0.006"/>

    <system-out><![CDATA[]]></system-out>

    <system-err><![CDATA[4 19, 2018 3:46:08 午後 com.example.FooTest testGreeting
情報: Test:com.example.FooTest@7dc5e7b4, target:com.example.Singleton@1ee0005
]]></system-err>

  </testsuite>
</testsuites>
